2026-06-30T00:36:16.382+05:30  INFO 329054 --- [Fifa] [scheduling-1] c.f.Fifa.config.MatchResultScheduler     : 🔍 Checking 1 match(es) that should be finished...
2026-06-30T00:36:16.392+05:30  INFO 329054 --- [Fifa] [scheduling-1] c.f.Fifa.config.MatchResultScheduler     :    Fetching result: Brazil vs Japan (kicked off 2026-06-29T13:00)
2026-06-30T00:36:16.412+05:30 ERROR 329054 --- [Fifa] [scheduling-1] c.f.Fifa.service.FootballDataService     : Error fetching match result for match 74: I/O error on GET request for "https://api.football-data.org/v4/competitions/WC/matches": api.football-data.org
2026-06-30T00:51:16.380+05:30  INFO 329054 --- [Fifa] [scheduling-1] c.f.Fifa.config.MatchResultScheduler     : 🔍 Checking 1 match(es) that should be finished...
2026-06-30T00:51:16.381+05:30  INFO 329054 --- [Fifa] [scheduling-1] c.f.Fifa.config.MatchResultScheduler     :    Fetching result: Brazil vs Japan (kicked off 2026-06-29T13:00)
2026-06-30T00:51:16.391+05:30 ERROR 329054 --- [Fifa] [scheduling-1] c.f.Fifa.service.FootballDataService     : Error fetching match result for match 74: I/O error on GET request for "https://api.football-data.org/v4/competitions/WC/matches": api.football-data.org
2026-06-30T01:06:16.376+05:30  INFO 329054 --- [Fifa] [scheduling-1] c.f.Fifa.config.MatchResultScheduler     : 🔍 Checking 1 match(es) that should be finished...
2026-06-30T01:06:16.377+05:30  INFO 329054 --- [Fifa] [scheduling-1] c.f.Fifa.config.MatchResultScheduler     :    Fetching result: Brazil vs Japan (kicked off 2026-06-29T13:00)
2026-06-30T01:06:16.381+05:30 ERROR 329054 --- [Fifa] [scheduling-1] c.f.Fifa.service.FootballDataService     : Error fetching match result for match 74: I/O error on GET request for "https://api.football-data.org/v4/competitions/WC/matches": api.football-data.org
2026-06-30T01:21:16.383+05:30  INFO 329054 --- [Fifa] [scheduling-1] c.f.Fifa.config.MatchResultScheduler     : 🔍 Checking 1 match(es) that should be finished...
2026-06-30T01:21:16.383+05:30  INFO 329054 --- [Fifa] [scheduling-1] c.f.Fifa.config.MatchResultScheduler     :    Fetching result: Brazil vs Japan (kicked off 2026-06-29T13:00)
2026-06-30T01:21:16.393+05:30 ERROR 329054 --- [Fifa] [scheduling-1] c.f.Fifa.service.FootballDataService     : Error fetching match result for match 74: I/O error on GET request for "https://api.football-data.org/v4/competitions/WC/matches": api.football-data.org
2026-06-30T01:36:16.378+05:30  INFO 329054 --- [Fifa] [scheduling-1] c.f.Fifa.config.MatchResultScheduler     : 🔍 Checking 1 match(es) that should be finished...
2026-06-30T01:36:16.379+05:30  INFO 329054 --- [Fifa] [scheduling-1] c.f.Fifa.config.MatchResultScheduler     :    Fetching result: Brazil vs Japan (kicked off 2026-06-29T13:00)
2026-06-30T01:36:16.388+05:30 ERROR 329054 --- [Fifa] [scheduling-1] c.f.Fifa.service.FootballDataService     : Error fetching match result for match 74: I/O error on GET request for "https://api.football-data.org/v4/competitions/WC/matches": api.football-data.org
2026-06-30T01:51:16.379+05:30  INFO 329054 --- [Fifa] [scheduling-1] c.f.Fifa.config.MatchResultScheduler     : 🔍 Checking 1 match(es) that should be finished...
2026-06-30T01:51:16.380+05:30  INFO 329054 --- [Fifa] [scheduling-1] c.f.Fifa.config.MatchResultScheduler     :    Fetching result: Brazil vs Japan (kicked off 2026-06-29T13:00)
2026-06-30T01:51:16.393+05:30 ERROR 329054 --- [Fifa] [scheduling-1] c.f.Fifa.service.FootballDataService     : Error fetching match result for match 74: I/O error on GET request for "https://api.football-data.org/v4/competitions/WC/matches": api.football-data.org
2026-06-30T02:06:16.382+05:30  INFO 329054 --- [Fifa] [scheduling-1] c.f.Fifa.config.MatchResultScheduler     : 🔍 Checking 1 match(es) that should be finished...
2026-06-30T02:06:16.383+05:30  INFO 329054 --- [Fifa] [scheduling-1] c.f.Fifa.config.MatchResultScheduler     :    Fetching result: Brazil vs Japan (kicked off 2026-06-29T13:00)
2026-06-30T02:06:16.393+05:30 ERROR 329054 --- [Fifa] [scheduling-1] c.f.Fifa.service.FootballDataService     : Error fetching match result for match 74: I/O error on GET request for "https://api.football-data.org/v4/competitions/WC/matches": api.football-data.org
2026-06-30T02:21:16.380+05:30  INFO 329054 --- [Fifa] [scheduling-1] c.f.Fifa.config.MatchResultScheduler     : 🔍 Checking 1 match(es) that should be finished...
2026-06-30T02:21:16.381+05:30  INFO 329054 --- [Fifa] [scheduling-1] c.f.Fifa.config.MatchResultScheduler     :    Fetching result: Brazil vs Japan (kicked off 2026-06-29T13:00)
2026-06-30T02:21:16.389+05:30 ERROR 329054 --- [Fifa] [scheduling-1] c.f.Fifa.service.FootballDataService     : Error fetching match result for match 74: I/O error on GET request for "https://api.football-data.org/v4/competitions/WC/matches": api.football-data.org
2026-06-30T02:36:16.378+05:30  INFO 329054 --- [Fifa] [scheduling-1] c.f.Fifa.config.MatchResultScheduler     : 🔍 Checking 1 match(es) that should be finished...
2026-06-30T02:36:16.378+05:30  INFO 329054 --- [Fifa] [scheduling-1] c.f.Fifa.config.MatchResultScheduler     :    Fetching result: Brazil vs Japan (kicked off 2026-06-29T13:00)
2026-06-30T02:36:16.386+05:30 ERROR 329054 --- [Fifa] [scheduling-1] c.f.Fifa.service.FootballDataService     : Error fetching match result for match 74: I/O error on GET request for "https://api.football-data.org/v4/competitions/WC/matches": api.football-data.org
2026-06-30T02:51:16.384+05:30  INFO 329054 --- [Fifa] [scheduling-1] c.f.Fifa.config.MatchResultScheduler     : 🔍 Checking 1 match(es) that should be finished...
2026-06-30T02:51:16.385+05:30  INFO 329054 --- [Fifa] [scheduling-1] c.f.Fifa.config.MatchResultScheduler     :    Fetching result: Brazil vs Japan (kicked off 2026-06-29T13:00)
2026-06-30T02:51:16.393+05:30 ERROR 329054 --- [Fifa] [scheduling-1] c.f.Fifa.service.FootballDataService     : Error fetching match result for match 74: I/O error on GET request for "https://api.football-data.org/v4/competitions/WC/matches": api.football-data.org
2026-06-30T03:06:16.378+05:30  INFO 329054 --- [Fifa] [scheduling-1] c.f.Fifa.config.MatchResultScheduler     : 🔍 Checking 1 match(es) that should be finished...
2026-06-30T03:06:16.378+05:30  INFO 329054 --- [Fifa] [scheduling-1] c.f.Fifa.config.MatchResultScheduler     :    Fetching result: Brazil vs Japan (kicked off 2026-06-29T13:00)
2026-06-30T03:06:16.389+05:30 ERROR 329054 --- [Fifa] [scheduling-1] c.f.Fifa.service.FootballDataService     : Error fetching match result for match 74: I/O error on GET request for "https://api.football-data.org/v4/competitions/WC/matches": api.football-data.org
2026-06-30T03:21:16.379+05:30  INFO 329054 --- [Fifa] [scheduling-1] c.f.Fifa.config.MatchResultScheduler     : 🔍 Checking 1 match(es) that should be finished...
2026-06-30T03:21:16.379+05:30  INFO 329054 --- [Fifa] [scheduling-1] c.f.Fifa.config.MatchResultScheduler     :    Fetching result: Brazil vs Japan (kicked off 2026-06-29T13:00)
2026-06-30T03:21:16.389+05:30 ERROR 329054 --- [Fifa] [scheduling-1] c.f.Fifa.service.FootballDataService     : Error fetching match result for match 74: I/O error on GET request for "https://api.football-data.org/v4/competitions/WC/matches": api.football-data.org
2026-06-30T03:36:16.387+05:30  INFO 329054 --- [Fifa] [scheduling-1] c.f.Fifa.config.MatchResultScheduler     : 🔍 Checking 1 match(es) that should be finished...
2026-06-30T03:36:16.388+05:30  INFO 329054 --- [Fifa] [scheduling-1] c.f.Fifa.config.MatchResultScheduler     :    Fetching result: Brazil vs Japan (kicked off 2026-06-29T13:00)
2026-06-30T03:36:16.396+05:30 ERROR 329054 --- [Fifa] [scheduling-1] c.f.Fifa.service.FootballDataService     : Error fetching match result for match 74: I/O error on GET request for "https://api.football-data.org/v4/competitions/WC/matches": api.football-data.org
2026-06-30T03:51:16.379+05:30  INFO 329054 --- [Fifa] [scheduling-1] c.f.Fifa.config.MatchResultScheduler     : 🔍 Checking 1 match(es) that should be finished...
2026-06-30T03:51:16.380+05:30  INFO 329054 --- [Fifa] [scheduling-1] c.f.Fifa.config.MatchResultScheduler     :    Fetching result: Brazil vs Japan (kicked off 2026-06-29T13:00)
2026-06-30T03:51:16.387+05:30 ERROR 329054 --- [Fifa] [scheduling-1] c.f.Fifa.service.FootballDataService     : Error fetching match result for match 74: I/O error on GET request for "https://api.football-data.org/v4/competitions/WC/matches": api.football-data.org
2026-06-30T04:06:16.382+05:30  INFO 329054 --- [Fifa] [scheduling-1] c.f.Fifa.config.MatchResultScheduler     : 🔍 Checking 2 match(es) that should be finished...
2026-06-30T04:06:16.383+05:30  INFO 329054 --- [Fifa] [scheduling-1] c.f.Fifa.config.MatchResultScheduler     :    Fetching result: Brazil vs Japan (kicked off 2026-06-29T13:00)
2026-06-30T04:06:16.390+05:30 ERROR 329054 --- [Fifa] [scheduling-1] c.f.Fifa.service.FootballDataService     : Error fetching match result for match 74: I/O error on GET request for "https://api.football-data.org/v4/competitions/WC/matches": api.football-data.org
2026-06-30T04:06:16.391+05:30  INFO 329054 --- [Fifa] [scheduling-1] c.f.Fifa.config.MatchResultScheduler     :    Fetching result: Germany vs Paraguay (kicked off 2026-06-29T16:30)
2026-06-30T04:06:16.396+05:30 ERROR 329054 --- [Fifa] [scheduling-1] c.f.Fifa.service.FootballDataService     : Error fetching match result for match 75: I/O error on GET request for "https://api.football-data.org/v4/competitions/WC/matches": api.football-data.org
2026-06-30T04:21:16.382+05:30  INFO 329054 --- [Fifa] [scheduling-1] c.f.Fifa.config.MatchResultScheduler     : 🔍 Checking 2 match(es) that should be finished...
2026-06-30T04:21:16.382+05:30  INFO 329054 --- [Fifa] [scheduling-1] c.f.Fifa.config.MatchResultScheduler     :    Fetching result: Brazil vs Japan (kicked off 2026-06-29T13:00)
2026-06-30T04:21:16.391+05:30 ERROR 329054 --- [Fifa] [scheduling-1] c.f.Fifa.service.FootballDataService     : Error fetching match result for match 74: I/O error on GET request for "https://api.football-data.org/v4/competitions/WC/matches": api.football-data.org
2026-06-30T04:21:16.392+05:30  INFO 329054 --- [Fifa] [scheduling-1] c.f.Fifa.config.MatchResultScheduler     :    Fetching result: Germany vs Paraguay (kicked off 2026-06-29T16:30)
2026-06-30T04:21:16.396+05:30 ERROR 329054 --- [Fifa] [scheduling-1] c.f.Fifa.service.FootballDataService     : Error fetching match result for match 75: I/O error on GET request for "https://api.football-data.org/v4/competitions/WC/matches": api.football-data.org
2026-06-30T04:36:16.382+05:30  INFO 329054 --- [Fifa] [scheduling-1] c.f.Fifa.config.MatchResultScheduler     : 🔍 Checking 2 match(es) that should be finished...
2026-06-30T04:36:16.382+05:30  INFO 329054 --- [Fifa] [scheduling-1] c.f.Fifa.config.MatchResultScheduler     :    Fetching result: Brazil vs Japan (kicked off 2026-06-29T13:00)
2026-06-30T04:36:16.389+05:30 ERROR 329054 --- [Fifa] [scheduling-1] c.f.Fifa.service.FootballDataService     : Error fetching match result for match 74: I/O error on GET request for "https://api.football-data.org/v4/competitions/WC/matches": api.football-data.org
2026-06-30T04:36:16.391+05:30  INFO 329054 --- [Fifa] [scheduling-1] c.f.Fifa.config.MatchResultScheduler     :    Fetching result: Germany vs Paraguay (kicked off 2026-06-29T16:30)
2026-06-30T04:36:16.395+05:30 ERROR 329054 --- [Fifa] [scheduling-1] c.f.Fifa.service.FootballDataService     : Error fetching match result for match 75: I/O error on GET request for "https://api.football-data.org/v4/competitions/WC/matches": api.football-data.org
2026-06-30T04:51:16.380+05:30  INFO 329054 --- [Fifa] [scheduling-1] c.f.Fifa.config.MatchResultScheduler     : 🔍 Checking 2 match(es) that should be finished...
2026-06-30T04:51:16.380+05:30  INFO 329054 --- [Fifa] [scheduling-1] c.f.Fifa.config.MatchResultScheduler     :    Fetching result: Brazil vs Japan (kicked off 2026-06-29T13:00)
2026-06-30T04:51:16.391+05:30 ERROR 329054 --- [Fifa] [scheduling-1] c.f.Fifa.service.FootballDataService     : Error fetching match result for match 74: I/O error on GET request for "https://api.football-data.org/v4/competitions/WC/matches": api.football-data.org
2026-06-30T04:51:16.393+05:30  INFO 329054 --- [Fifa] [scheduling-1] c.f.Fifa.config.MatchResultScheduler     :    Fetching result: Germany vs Paraguay (kicked off 2026-06-29T16:30)
2026-06-30T04:51:16.398+05:30 ERROR 329054 --- [Fifa] [scheduling-1] c.f.Fifa.service.FootballDataService     : Error fetching match result for match 75: I/O error on GET request for "https://api.football-data.org/v4/competitions/WC/matches": api.football-data.org
2026-06-30T05:06:16.381+05:30  INFO 329054 --- [Fifa] [scheduling-1] c.f.Fifa.config.MatchResultScheduler     : 🔍 Checking 2 match(es) that should be finished...
2026-06-30T05:06:16.382+05:30  INFO 329054 --- [Fifa] [scheduling-1] c.f.Fifa.config.MatchResultScheduler     :    Fetching result: Brazil vs Japan (kicked off 2026-06-29T13:00)
2026-06-30T05:06:16.398+05:30 ERROR 329054 --- [Fifa] [scheduling-1] c.f.Fifa.service.FootballDataService     : Error fetching match result for match 74: I/O error on GET request for "https://api.football-data.org/v4/competitions/WC/matches": api.football-data.org
2026-06-30T05:06:16.399+05:30  INFO 329054 --- [Fifa] [scheduling-1] c.f.Fifa.config.MatchResultScheduler     :    Fetching result: Germany vs Paraguay (kicked off 2026-06-29T16:30)
2026-06-30T05:06:16.401+05:30 ERROR 329054 --- [Fifa] [scheduling-1] c.f.Fifa.service.FootballDataService     : Error fetching match result for match 75: I/O error on GET request for "https://api.football-data.org/v4/competitions/WC/matches": api.football-data.org
2026-06-30T05:21:16.381+05:30  INFO 329054 --- [Fifa] [scheduling-1] c.f.Fifa.config.MatchResultScheduler     : 🔍 Checking 2 match(es) that should be finished...
2026-06-30T05:21:16.381+05:30  INFO 329054 --- [Fifa] [scheduling-1] c.f.Fifa.config.MatchResultScheduler     :    Fetching result: Brazil vs Japan (kicked off 2026-06-29T13:00)
2026-06-30T05:21:16.389+05:30 ERROR 329054 --- [Fifa] [scheduling-1] c.f.Fifa.service.FootballDataService     : Error fetching match result for match 74: I/O error on GET request for "https://api.football-data.org/v4/competitions/WC/matches": api.football-data.org
2026-06-30T05:21:16.390+05:30  INFO 329054 --- [Fifa] [scheduling-1] c.f.Fifa.config.MatchResultScheduler     :    Fetching result: Germany vs Paraguay (kicked off 2026-06-29T16:30)
2026-06-30T05:21:16.397+05:30 ERROR 329054 --- [Fifa] [scheduling-1] c.f.Fifa.service.FootballDataService     : Error fetching match result for match 75: I/O error on GET request for "https://api.football-data.org/v4/competitions/WC/matches": api.football-data.org
2026-06-30T05:36:16.381+05:30  INFO 329054 --- [Fifa] [scheduling-1] c.f.Fifa.config.MatchResultScheduler     : 🔍 Checking 2 match(es) that should be finished...
2026-06-30T05:36:16.382+05:30  INFO 329054 --- [Fifa] [scheduling-1] c.f.Fifa.config.MatchResultScheduler     :    Fetching result: Brazil vs Japan (kicked off 2026-06-29T13:00)
2026-06-30T05:36:16.389+05:30 ERROR 329054 --- [Fifa] [scheduling-1] c.f.Fifa.service.FootballDataService     : Error fetching match result for match 74: I/O error on GET request for "https://api.football-data.org/v4/competitions/WC/matches": api.football-data.org
2026-06-30T05:36:16.390+05:30  INFO 329054 --- [Fifa] [scheduling-1] c.f.Fifa.config.MatchResultScheduler     :    Fetching result: Germany vs Paraguay (kicked off 2026-06-29T16:30)
2026-06-30T05:36:16.394+05:30 ERROR 329054 --- [Fifa] [scheduling-1] c.f.Fifa.service.FootballDataService     : Error fetching match result for match 75: I/O error on GET request for "https://api.football-data.org/v4/competitions/WC/matches": api.football-data.org
2026-06-30T05:51:16.379+05:30  INFO 329054 --- [Fifa] [scheduling-1] c.f.Fifa.config.MatchResultScheduler     : 🔍 Checking 2 match(es) that should be finished...
2026-06-30T05:51:16.380+05:30  INFO 329054 --- [Fifa] [scheduling-1] c.f.Fifa.config.MatchResultScheduler     :    Fetching result: Brazil vs Japan (kicked off 2026-06-29T13:00)
2026-06-30T05:51:16.386+05:30 ERROR 329054 --- [Fifa] [scheduling-1] c.f.Fifa.service.FootballDataService     : Error fetching match result for match 74: I/O error on GET request for "https://api.football-data.org/v4/competitions/WC/matches": api.football-data.org
2026-06-30T05:51:16.387+05:30  INFO 329054 --- [Fifa] [scheduling-1] c.f.Fifa.config.MatchResultScheduler     :    Fetching result: Germany vs Paraguay (kicked off 2026-06-29T16:30)
2026-06-30T05:51:16.391+05:30 ERROR 329054 --- [Fifa] [scheduling-1] c.f.Fifa.service.FootballDataService     : Error fetching match result for match 75: I/O error on GET request for "https://api.football-data.org/v4/competitions/WC/matches": api.football-data.org
2026-06-30T06:06:16.384+05:30  INFO 329054 --- [Fifa] [scheduling-1] c.f.Fifa.config.MatchResultScheduler     : 🔍 Checking 2 match(es) that should be finished...
2026-06-30T06:06:16.384+05:30  INFO 329054 --- [Fifa] [scheduling-1] c.f.Fifa.config.MatchResultScheduler     :    Fetching result: Brazil vs Japan (kicked off 2026-06-29T13:00)
2026-06-30T06:06:16.391+05:30 ERROR 329054 --- [Fifa] [scheduling-1] c.f.Fifa.service.FootballDataService     : Error fetching match result for match 74: I/O error on GET request for "https://api.football-data.org/v4/competitions/WC/matches": api.football-data.org
2026-06-30T06:06:16.392+05:30  INFO 329054 --- [Fifa] [scheduling-1] c.f.Fifa.config.MatchResultScheduler     :    Fetching result: Germany vs Paraguay (kicked off 2026-06-29T16:30)
2026-06-30T06:06:16.396+05:30 ERROR 329054 --- [Fifa] [scheduling-1] c.f.Fifa.service.FootballDataService     : Error fetching match result for match 75: I/O error on GET request for "https://api.football-data.org/v4/competitions/WC/matches": api.football-data.org
2026-06-30T06:21:16.381+05:30  INFO 329054 --- [Fifa] [scheduling-1] c.f.Fifa.config.MatchResultScheduler     : 🔍 Checking 2 match(es) that should be finished...
2026-06-30T06:21:16.381+05:30  INFO 329054 --- [Fifa] [scheduling-1] c.f.Fifa.config.MatchResultScheduler     :    Fetching result: Brazil vs Japan (kicked off 2026-06-29T13:00)
2026-06-30T06:21:16.388+05:30 ERROR 329054 --- [Fifa] [scheduling-1] c.f.Fifa.service.FootballDataService     : Error fetching match result for match 74: I/O error on GET request for "https://api.football-data.org/v4/competitions/WC/matches": api.football-data.org
2026-06-30T06:21:16.389+05:30  INFO 329054 --- [Fifa] [scheduling-1] c.f.Fifa.config.MatchResultScheduler     :    Fetching result: Germany vs Paraguay (kicked off 2026-06-29T16:30)
2026-06-30T06:21:16.392+05:30 ERROR 329054 --- [Fifa] [scheduling-1] c.f.Fifa.service.FootballDataService     : Error fetching match result for match 75: I/O error on GET request for "https://api.football-data.org/v4/competitions/WC/matches": api.football-data.org
2026-06-30T06:36:16.381+05:30  INFO 329054 --- [Fifa] [scheduling-1] c.f.Fifa.config.MatchResultScheduler     : 🔍 Checking 2 match(es) that should be finished...
2026-06-30T06:36:16.382+05:30  INFO 329054 --- [Fifa] [scheduling-1] c.f.Fifa.config.MatchResultScheduler     :    Fetching result: Brazil vs Japan (kicked off 2026-06-29T13:00)
2026-06-30T06:36:16.388+05:30 ERROR 329054 --- [Fifa] [scheduling-1] c.f.Fifa.service.FootballDataService     : Error fetching match result for match 74: I/O error on GET request for "https://api.football-data.org/v4/competitions/WC/matches": api.football-data.org
2026-06-30T06:36:16.389+05:30  INFO 329054 --- [Fifa] [scheduling-1] c.f.Fifa.config.MatchResultScheduler     :    Fetching result: Germany vs Paraguay (kicked off 2026-06-29T16:30)
2026-06-30T06:36:16.392+05:30 ERROR 329054 --- [Fifa] [scheduling-1] c.f.Fifa.service.FootballDataService     : Error fetching match result for match 75: I/O error on GET request for "https://api.football-data.org/v4/competitions/WC/matches": api.football-data.org
2026-06-30T06:51:16.380+05:30  INFO 329054 --- [Fifa] [scheduling-1] c.f.Fifa.config.MatchResultScheduler     : 🔍 Checking 2 match(es) that should be finished...
2026-06-30T06:51:16.380+05:30  INFO 329054 --- [Fifa] [scheduling-1] c.f.Fifa.config.MatchResultScheduler     :    Fetching result: Brazil vs Japan (kicked off 2026-06-29T13:00)
2026-06-30T06:51:16.386+05:30 ERROR 329054 --- [Fifa] [scheduling-1] c.f.Fifa.service.FootballDataService     : Error fetching match result for match 74: I/O error on GET request for "https://api.football-data.org/v4/competitions/WC/matches": api.football-data.org
2026-06-30T06:51:16.387+05:30  INFO 329054 --- [Fifa] [scheduling-1] c.f.Fifa.config.MatchResultScheduler     :    Fetching result: Germany vs Paraguay (kicked off 2026-06-29T16:30)
2026-06-30T06:51:16.392+05:30 ERROR 329054 --- [Fifa] [scheduling-1] c.f.Fifa.service.FootballDataService     : Error fetching match result for match 75: I/O error on GET request for "https://api.football-data.org/v4/competitions/WC/matches": api.football-data.org
2026-06-30T07:06:16.381+05:30  INFO 329054 --- [Fifa] [scheduling-1] c.f.Fifa.config.MatchResultScheduler     : 🔍 Checking 2 match(es) that should be finished...
2026-06-30T07:06:16.382+05:30  INFO 329054 --- [Fifa] [scheduling-1] c.f.Fifa.config.MatchResultScheduler     :    Fetching result: Brazil vs Japan (kicked off 2026-06-29T13:00)
2026-06-30T07:06:16.388+05:30 ERROR 329054 --- [Fifa] [scheduling-1] c.f.Fifa.service.FootballDataService     : Error fetching match result for match 74: I/O error on GET request for "https://api.football-data.org/v4/competitions/WC/matches": api.football-data.org
2026-06-30T07:06:16.389+05:30  INFO 329054 --- [Fifa] [scheduling-1] c.f.Fifa.config.MatchResultScheduler     :    Fetching result: Germany vs Paraguay (kicked off 2026-06-29T16:30)
2026-06-30T07:06:16.392+05:30 ERROR 329054 --- [Fifa] [scheduling-1] c.f.Fifa.service.FootballDataService     : Error fetching match result for match 75: I/O error on GET request for "https://api.football-data.org/v4/competitions/WC/matches": api.football-data.org
2026-06-30T07:21:16.380+05:30  INFO 329054 --- [Fifa] [scheduling-1] c.f.Fifa.config.MatchResultScheduler     : 🔍 Checking 2 match(es) that should be finished...
2026-06-30T07:21:16.381+05:30  INFO 329054 --- [Fifa] [scheduling-1] c.f.Fifa.config.MatchResultScheduler     :    Fetching result: Brazil vs Japan (kicked off 2026-06-29T13:00)
2026-06-30T07:21:16.389+05:30 ERROR 329054 --- [Fifa] [scheduling-1] c.f.Fifa.service.FootballDataService     : Error fetching match result for match 74: I/O error on GET request for "https://api.football-data.org/v4/competitions/WC/matches": api.football-data.org
2026-06-30T07:21:16.389+05:30  INFO 329054 --- [Fifa] [scheduling-1] c.f.Fifa.config.MatchResultScheduler     :    Fetching result: Germany vs Paraguay (kicked off 2026-06-29T16:30)
2026-06-30T07:21:16.395+05:30 ERROR 329054 --- [Fifa] [scheduling-1] c.f.Fifa.service.FootballDataService     : Error fetching match result for match 75: I/O error on GET request for "https://api.football-data.org/v4/competitions/WC/matches": api.football-data.org
2026-06-30T07:36:16.398+05:30  INFO 329054 --- [Fifa] [scheduling-1] c.f.Fifa.config.MatchResultScheduler     : 🔍 Checking 2 match(es) that should be finished...
2026-06-30T07:36:16.400+05:30  INFO 329054 --- [Fifa] [scheduling-1] c.f.Fifa.config.MatchResultScheduler     :    Fetching result: Brazil vs Japan (kicked off 2026-06-29T13:00)
2026-06-30T07:36:16.415+05:30 ERROR 329054 --- [Fifa] [scheduling-1] c.f.Fifa.service.FootballDataService     : Error fetching match result for match 74: I/O error on GET request for "https://api.football-data.org/v4/competitions/WC/matches": api.football-data.org
2026-06-30T07:36:16.416+05:30  INFO 329054 --- [Fifa] [scheduling-1] c.f.Fifa.config.MatchResultScheduler     :    Fetching result: Germany vs Paraguay (kicked off 2026-06-29T16:30)
2026-06-30T07:36:16.419+05:30 ERROR 329054 --- [Fifa] [scheduling-1] c.f.Fifa.service.FootballDataService     : Error fetching match result for match 75: I/O error on GET request for "https://api.football-data.org/v4/competitions/WC/matches": api.football-data.org
2026-06-30T07:51:16.380+05:30  INFO 329054 --- [Fifa] [scheduling-1] c.f.Fifa.config.MatchResultScheduler     : 🔍 Checking 2 match(es) that should be finished...
2026-06-30T07:51:16.380+05:30  INFO 329054 --- [Fifa] [scheduling-1] c.f.Fifa.config.MatchResultScheduler     :    Fetching result: Brazil vs Japan (kicked off 2026-06-29T13:00)
2026-06-30T07:51:16.385+05:30 ERROR 329054 --- [Fifa] [scheduling-1] c.f.Fifa.service.FootballDataService     : Error fetching match result for match 74: I/O error on GET request for "https://api.football-data.org/v4/competitions/WC/matches": api.football-data.org
2026-06-30T07:51:16.386+05:30  INFO 329054 --- [Fifa] [scheduling-1] c.f.Fifa.config.MatchResultScheduler     :    Fetching result: Germany vs Paraguay (kicked off 2026-06-29T16:30)
2026-06-30T07:51:16.390+05:30 ERROR 329054 --- [Fifa] [scheduling-1] c.f.Fifa.service.FootballDataService     : Error fetching match result for match 75: I/O error on GET request for "https://api.football-data.org/v4/competitions/WC/matches": api.football-data.org
2026-06-30T08:06:16.381+05:30  INFO 329054 --- [Fifa] [scheduling-1] c.f.Fifa.config.MatchResultScheduler     : 🔍 Checking 2 match(es) that should be finished...
2026-06-30T08:06:16.382+05:30  INFO 329054 --- [Fifa] [scheduling-1] c.f.Fifa.config.MatchResultScheduler     :    Fetching result: Brazil vs Japan (kicked off 2026-06-29T13:00)
2026-06-30T08:06:16.388+05:30 ERROR 329054 --- [Fifa] [scheduling-1] c.f.Fifa.service.FootballDataService     : Error fetching match result for match 74: I/O error on GET request for "https://api.football-data.org/v4/competitions/WC/matches": api.football-data.org
2026-06-30T08:06:16.389+05:30  INFO 329054 --- [Fifa] [scheduling-1] c.f.Fifa.config.MatchResultScheduler     :    Fetching result: Germany vs Paraguay (kicked off 2026-06-29T16:30)
2026-06-30T08:06:16.392+05:30 ERROR 329054 --- [Fifa] [scheduling-1] c.f.Fifa.service.FootballDataService     : Error fetching match result for match 75: I/O error on GET request for "https://api.football-data.org/v4/competitions/WC/matches": api.football-data.org
2026-06-30T08:21:16.379+05:30  INFO 329054 --- [Fifa] [scheduling-1] c.f.Fifa.config.MatchResultScheduler     : 🔍 Checking 2 match(es) that should be finished...
2026-06-30T08:21:16.380+05:30  INFO 329054 --- [Fifa] [scheduling-1] c.f.Fifa.config.MatchResultScheduler     :    Fetching result: Brazil vs Japan (kicked off 2026-06-29T13:00)
2026-06-30T08:21:16.385+05:30 ERROR 329054 --- [Fifa] [scheduling-1] c.f.Fifa.service.FootballDataService     : Error fetching match result for match 74: I/O error on GET request for "https://api.football-data.org/v4/competitions/WC/matches": api.football-data.org
2026-06-30T08:21:16.387+05:30  INFO 329054 --- [Fifa] [scheduling-1] c.f.Fifa.config.MatchResultScheduler     :    Fetching result: Germany vs Paraguay (kicked off 2026-06-29T16:30)
2026-06-30T08:21:16.390+05:30 ERROR 329054 --- [Fifa] [scheduling-1] c.f.Fifa.service.FootballDataService     : Error fetching match result for match 75: I/O error on GET request for "https://api.football-data.org/v4/competitions/WC/matches": api.football-data.org
2026-06-30T08:36:16.381+05:30  INFO 329054 --- [Fifa] [scheduling-1] c.f.Fifa.config.MatchResultScheduler     : 🔍 Checking 3 match(es) that should be finished...
2026-06-30T08:36:16.382+05:30  INFO 329054 --- [Fifa] [scheduling-1] c.f.Fifa.config.MatchResultScheduler     :    Fetching result: Brazil vs Japan (kicked off 2026-06-29T13:00)
2026-06-30T08:36:16.388+05:30 ERROR 329054 --- [Fifa] [scheduling-1] c.f.Fifa.service.FootballDataService     : Error fetching match result for match 74: I/O error on GET request for "https://api.football-data.org/v4/competitions/WC/matches": api.football-data.org
2026-06-30T08:36:16.389+05:30  INFO 329054 --- [Fifa] [scheduling-1] c.f.Fifa.config.MatchResultScheduler     :    Fetching result: Germany vs Paraguay (kicked off 2026-06-29T16:30)
2026-06-30T08:36:16.392+05:30 ERROR 329054 --- [Fifa] [scheduling-1] c.f.Fifa.service.FootballDataService     : Error fetching match result for match 75: I/O error on GET request for "https://api.football-data.org/v4/competitions/WC/matches": api.football-data.org
2026-06-30T08:36:16.392+05:30  INFO 329054 --- [Fifa] [scheduling-1] c.f.Fifa.config.MatchResultScheduler     :    Fetching result: Netherlands vs Morocco (kicked off 2026-06-29T21:00)
2026-06-30T08:36:16.395+05:30 ERROR 329054 --- [Fifa] [scheduling-1] c.f.Fifa.service.FootballDataService     : Error fetching match result for match 76: I/O error on GET request for "https://api.football-data.org/v4/competitions/WC/matches": api.football-data.org
2026-06-30T08:51:16.379+05:30  INFO 329054 --- [Fifa] [scheduling-1] c.f.Fifa.config.MatchResultScheduler     : 🔍 Checking 3 match(es) that should be finished...
2026-06-30T08:51:16.379+05:30  INFO 329054 --- [Fifa] [scheduling-1] c.f.Fifa.config.MatchResultScheduler     :    Fetching result: Brazil vs Japan (kicked off 2026-06-29T13:00)
2026-06-30T08:51:16.384+05:30 ERROR 329054 --- [Fifa] [scheduling-1] c.f.Fifa.service.FootballDataService     : Error fetching match result for match 74: I/O error on GET request for "https://api.football-data.org/v4/competitions/WC/matches": api.football-data.org
2026-06-30T08:51:16.385+05:30  INFO 329054 --- [Fifa] [scheduling-1] c.f.Fifa.config.MatchResultScheduler     :    Fetching result: Germany vs Paraguay (kicked off 2026-06-29T16:30)
2026-06-30T08:51:16.390+05:30 ERROR 329054 --- [Fifa] [scheduling-1] c.f.Fifa.service.FootballDataService     : Error fetching match result for match 75: I/O error on GET request for "https://api.football-data.org/v4/competitions/WC/matches": api.football-data.org
2026-06-30T08:51:16.391+05:30  INFO 329054 --- [Fifa] [scheduling-1] c.f.Fifa.config.MatchResultScheduler     :    Fetching result: Netherlands vs Morocco (kicked off 2026-06-29T21:00)
2026-06-30T08:51:16.394+05:30 ERROR 329054 --- [Fifa] [scheduling-1] c.f.Fifa.service.FootballDataService     : Error fetching match result for match 76: I/O error on GET request for "https://api.football-data.org/v4/competitions/WC/matches": api.football-data.org
2026-06-30T09:06:16.381+05:30  INFO 329054 --- [Fifa] [scheduling-1] c.f.Fifa.config.MatchResultScheduler     : 🔍 Checking 3 match(es) that should be finished...
2026-06-30T09:06:16.384+05:30  INFO 329054 --- [Fifa] [scheduling-1] c.f.Fifa.config.MatchResultScheduler     :    Fetching result: Brazil vs Japan (kicked off 2026-06-29T13:00)
2026-06-30T09:06:16.391+05:30 ERROR 329054 --- [Fifa] [scheduling-1] c.f.Fifa.service.FootballDataService     : Error fetching match result for match 74: I/O error on GET request for "https://api.football-data.org/v4/competitions/WC/matches": api.football-data.org
2026-06-30T09:06:16.392+05:30  INFO 329054 --- [Fifa] [scheduling-1] c.f.Fifa.config.MatchResultScheduler     :    Fetching result: Germany vs Paraguay (kicked off 2026-06-29T16:30)
2026-06-30T09:06:16.397+05:30 ERROR 329054 --- [Fifa] [scheduling-1] c.f.Fifa.service.FootballDataService     : Error fetching match result for match 75: I/O error on GET request for "https://api.football-data.org/v4/competitions/WC/matches": api.football-data.org
2026-06-30T09:06:16.397+05:30  INFO 329054 --- [Fifa] [scheduling-1] c.f.Fifa.config.MatchResultScheduler     :    Fetching result: Netherlands vs Morocco (kicked off 2026-06-29T21:00)
2026-06-30T09:06:16.401+05:30 ERROR 329054 --- [Fifa] [scheduling-1] c.f.Fifa.service.FootballDataService     : Error fetching match result for match 76: I/O error on GET request for "https://api.football-data.org/v4/competitions/WC/matches": api.football-data.org
2026-06-30T09:21:16.380+05:30  INFO 329054 --- [Fifa] [scheduling-1] c.f.Fifa.config.MatchResultScheduler     : 🔍 Checking 3 match(es) that should be finished...
2026-06-30T09:21:16.382+05:30  INFO 329054 --- [Fifa] [scheduling-1] c.f.Fifa.config.MatchResultScheduler     :    Fetching result: Brazil vs Japan (kicked off 2026-06-29T13:00)
2026-06-30T09:21:16.390+05:30 ERROR 329054 --- [Fifa] [scheduling-1] c.f.Fifa.service.FootballDataService     : Error fetching match result for match 74: I/O error on GET request for "https://api.football-data.org/v4/competitions/WC/matches": api.football-data.org
2026-06-30T09:21:16.391+05:30  INFO 329054 --- [Fifa] [scheduling-1] c.f.Fifa.config.MatchResultScheduler     :    Fetching result: Germany vs Paraguay (kicked off 2026-06-29T16:30)
2026-06-30T09:21:16.395+05:30 ERROR 329054 --- [Fifa] [scheduling-1] c.f.Fifa.service.FootballDataService     : Error fetching match result for match 75: I/O error on GET request for "https://api.football-data.org/v4/competitions/WC/matches": api.football-data.org
2026-06-30T09:21:16.396+05:30  INFO 329054 --- [Fifa] [scheduling-1] c.f.Fifa.config.MatchResultScheduler     :    Fetching result: Netherlands vs Morocco (kicked off 2026-06-29T21:00)
2026-06-30T09:21:16.399+05:30 ERROR 329054 --- [Fifa] [scheduling-1] c.f.Fifa.service.FootballDataService     : Error fetching match result for match 76: I/O error on GET request for "https://api.football-data.org/v4/competitions/WC/matches": api.football-data.org
2026-06-30T09:36:16.382+05:30  INFO 329054 --- [Fifa] [scheduling-1] c.f.Fifa.config.MatchResultScheduler     : 🔍 Checking 3 match(es) that should be finished...
2026-06-30T09:36:16.389+05:30  INFO 329054 --- [Fifa] [scheduling-1] c.f.Fifa.config.MatchResultScheduler     :    Fetching result: Brazil vs Japan (kicked off 2026-06-29T13:00)
2026-06-30T09:36:17.620+05:30  INFO 329054 --- [Fifa] [scheduling-1] c.f.Fifa.service.FootballDataService     : Looking for match: 'Brazil' vs 'Japan' among 76 API matches
2026-06-30T09:36:17.629+05:30  INFO 329054 --- [Fifa] [scheduling-1] c.f.Fifa.service.FootballDataService     : ✅ Match updated: Brazil 2 - 1 Japan
2026-06-30T09:36:17.640+05:30  WARN 329054 --- [Fifa] [scheduling-1] c.f.Fifa.service.FootballDataService     :    No goals data in API response for this match. Goals array: null
2026-06-30T09:36:17.652+05:30  INFO 329054 --- [Fifa] [scheduling-1] c.f.Fifa.config.MatchResultScheduler     :    Fetching result: Germany vs Paraguay (kicked off 2026-06-29T16:30)
2026-06-30T09:36:18.129+05:30  INFO 329054 --- [Fifa] [scheduling-1] c.f.Fifa.service.FootballDataService     : Looking for match: 'Germany' vs 'Paraguay' among 76 API matches
2026-06-30T09:36:18.131+05:30  INFO 329054 --- [Fifa] [scheduling-1] c.f.Fifa.service.FootballDataService     : ✅ Match updated: Germany 4 - 5 Paraguay
2026-06-30T09:36:18.133+05:30  WARN 329054 --- [Fifa] [scheduling-1] c.f.Fifa.service.FootballDataService     :    No goals data in API response for this match. Goals array: null
2026-06-30T09:36:18.136+05:30  INFO 329054 --- [Fifa] [scheduling-1] c.f.Fifa.config.MatchResultScheduler     :    Fetching result: Netherlands vs Morocco (kicked off 2026-06-29T21:00)
2026-06-30T09:36:18.638+05:30  INFO 329054 --- [Fifa] [scheduling-1] c.f.Fifa.service.FootballDataService     : Looking for match: 'Netherlands' vs 'Morocco' among 76 API matches
2026-06-30T09:36:18.643+05:30  INFO 329054 --- [Fifa] [scheduling-1] c.f.Fifa.service.FootballDataService     : ✅ Match updated: Netherlands 3 - 4 Morocco
2026-06-30T09:36:18.645+05:30  WARN 329054 --- [Fifa] [scheduling-1] c.f.Fifa.service.FootballDataService     :    No goals data in API response for this match. Goals array: null
2026-06-30T13:03:25.464+05:30  INFO 329054 --- [Fifa] [SpringApplicationShutdownHook] o.s.b.w.e.tomcat.GracefulShutdown        : Commencing graceful shutdown. Waiting for active requests to complete
2026-06-30T13:03:25.539+05:30  INFO 329054 --- [Fifa] [tomcat-shutdown] o.s.b.w.e.tomcat.GracefulShutdown        : Graceful shutdown complete
2026-06-30T13:03:25.619+05:30  INFO 329054 --- [Fifa] [SpringApplicationShutdownHook] j.LocalContainerEntityManagerFactoryBean : Closing JPA EntityManagerFactory for persistence unit 'default'
2026-06-30T13:03:25.837+05:30  WARN 329054 --- [Fifa] [SpringApplicationShutdownHook] o.s.b.f.support.DisposableBeanAdapter    : Invocation of destroy method failed on bean with name 'inMemoryDatabaseShutdownExecutor': org.h2.jdbc.JdbcSQLNonTransientConnectionException: Database is already closed (to disable automatic closing at VM shutdown, add ";DB_CLOSE_ON_EXIT=FALSE" to the db URL) [90121-232]
2026-06-30T13:03:25.838+05:30  INFO 329054 --- [Fifa] [SpringApplicationShutdownHook] com.zaxxer.hikari.HikariDataSource       : HikariPool-1 - Shutdown initiated...
2026-06-30T13:03:25.855+05:30  INFO 329054 --- [Fifa] [SpringApplicationShutdownHook] com.zaxxer.hikari.HikariDataSource       : HikariPool-1 - Shutdown completed.
